<?xml version="1.0" encoding="UTF-8"?>
<!-- Generated by org.testng.reporters.JUnitXMLReporter -->
<testsuite ignored="0" hostname="kiet" failures="0" tests="7" name="Surefire test" time="16.975" errors="0" timestamp="2026-03-31T14:59:49 ICT">
  <testcase classname="CartTest" name="addItemToCart" time="0.734"/>
  <testcase classname="CartTest" name="cartEmpty" time="0.799"/>
  <testcase classname="CartTest" name="removeItem" time="0.719"/>
  <testcase classname="LoginTest" name="loginErrorMessage" time="0.476"/>
  <testcase classname="LoginTest" name="loginFail" time="0.338"/>
  <testcase classname="LoginTest" name="loginSuccess" time="0.5"/>
  <testcase classname="TestBai1" name="testFail" time="0.978"/>
</testsuite> <!-- Surefire test -->
