<?xml version="1.0" encoding="UTF-8"?>
<testng-results ignored="0" total="3" passed="3" failed="0" skipped="0">
  <reporter-output>
  </reporter-output>
  <suite started-at="2026-03-31T14:52:11 ICT" name="Surefire suite" finished-at="2026-03-31T14:52:19 ICT" duration-ms="8465">
    <groups>
    </groups>
    <test started-at="2026-03-31T14:52:11 ICT" name="Surefire test" finished-at="2026-03-31T14:52:19 ICT" duration-ms="8465">
      <class name="LoginTest">
        <test-method is-config="true" signature="setup(java.lang.String,java.lang.String)[pri:0, instance:LoginTest@1ffe63b9]" started-at="2026-03-31T14:52:11 ICT" name="setup" finished-at="2026-03-31T14:52:15 ICT" duration-ms="4126" status="PASS">
          <params>
            <param index="0">
              <value>
                <![CDATA[chrome]]>
              </value>
            </param>
            <param index="1">
              <value>
                <![CDATA[dev]]>
              </value>
            </param>
          </params>
          <reporter-output>
          </reporter-output>
        </test-method> <!-- setup -->
        <test-method signature="loginErrorMessage()[pri:0, instance:LoginTest@1ffe63b9]" started-at="2026-03-31T14:52:15 ICT" name="loginErrorMessage" finished-at="2026-03-31T14:52:15 ICT" duration-ms="412" status="PASS">
          <reporter-output>
          </reporter-output>
        </test-method> <!-- loginErrorMessage -->
        <test-method is-config="true" signature="teardown(org.testng.ITestResult)[pri:0, instance:LoginTest@1ffe63b9]" started-at="2026-03-31T14:52:15 ICT" name="teardown" finished-at="2026-03-31T14:52:15 ICT" duration-ms="146" status="PASS">
          <params>
            <param index="0">
              <value>
                <![CDATA[[TestResult name=loginErrorMessage status=SUCCESS method=LoginTest.loginErrorMessage()[pri:0, instance:LoginTest@1ffe63b9] output={null}]]]>
              </value>
            </param>
          </params>
          <reporter-output>
          </reporter-output>
        </test-method> <!-- teardown -->
        <test-method is-config="true" signature="setup(java.lang.String,java.lang.String)[pri:0, instance:LoginTest@1ffe63b9]" started-at="2026-03-31T14:52:15 ICT" name="setup" finished-at="2026-03-31T14:52:17 ICT" duration-ms="1269" status="PASS">
          <params>
            <param index="0">
              <value>
                <![CDATA[chrome]]>
              </value>
            </param>
            <param index="1">
              <value>
                <![CDATA[dev]]>
              </value>
            </param>
          </params>
          <reporter-output>
          </reporter-output>
        </test-method> <!-- setup -->
        <test-method signature="loginFail()[pri:0, instance:LoginTest@1ffe63b9]" started-at="2026-03-31T14:52:17 ICT" name="loginFail" finished-at="2026-03-31T14:52:17 ICT" duration-ms="415" status="PASS">
          <reporter-output>
          </reporter-output>
        </test-method> <!-- loginFail -->
        <test-method is-config="true" signature="teardown(org.testng.ITestResult)[pri:0, instance:LoginTest@1ffe63b9]" started-at="2026-03-31T14:52:17 ICT" name="teardown" finished-at="2026-03-31T14:52:17 ICT" duration-ms="159" status="PASS">
          <params>
            <param index="0">
              <value>
                <![CDATA[[TestResult name=loginFail status=SUCCESS method=LoginTest.loginFail()[pri:0, instance:LoginTest@1ffe63b9] output={null}]]]>
              </value>
            </param>
          </params>
          <reporter-output>
          </reporter-output>
        </test-method> <!-- teardown -->
        <test-method is-config="true" signature="setup(java.lang.String,java.lang.String)[pri:0, instance:LoginTest@1ffe63b9]" started-at="2026-03-31T14:52:17 ICT" name="setup" finished-at="2026-03-31T14:52:19 ICT" duration-ms="1291" status="PASS">
          <params>
            <param index="0">
              <value>
                <![CDATA[chrome]]>
              </value>
            </param>
            <param index="1">
              <value>
                <![CDATA[dev]]>
              </value>
            </param>
          </params>
          <reporter-output>
          </reporter-output>
        </test-method> <!-- setup -->
        <test-method signature="loginSuccess()[pri:0, instance:LoginTest@1ffe63b9]" started-at="2026-03-31T14:52:19 ICT" name="loginSuccess" finished-at="2026-03-31T14:52:19 ICT" duration-ms="439" status="PASS">
          <reporter-output>
          </reporter-output>
        </test-method> <!-- loginSuccess -->
        <test-method is-config="true" signature="teardown(org.testng.ITestResult)[pri:0, instance:LoginTest@1ffe63b9]" started-at="2026-03-31T14:52:19 ICT" name="teardown" finished-at="2026-03-31T14:52:19 ICT" duration-ms="165" status="PASS">
          <params>
            <param index="0">
              <value>
                <![CDATA[[TestResult name=loginSuccess status=SUCCESS method=LoginTest.loginSuccess()[pri:0, instance:LoginTest@1ffe63b9] output={null}]]]>
              </value>
            </param>
          </params>
          <reporter-output>
          </reporter-output>
        </test-method> <!-- teardown -->
      </class> <!-- LoginTest -->
    </test> <!-- Surefire test -->
  </suite> <!-- Surefire suite -->
</testng-results>
